# JRE version: Java(TM) SE Runtime Environment (8.0_25-b17) (build 1.8.0_25-b17)
# Java VM: Java HotSpot(TM) 64-Bit Server VM (25.25-b02 mixed mode linux-amd64 compressed oops)
Heap:
 PSYoungGen      total 140800K, used 37500K [0x00000000eab00000, 0x00000000fe280000, 0x0000000100000000)
  eden space 104448K, 35% used [0x00000000eab00000,0x00000000ecf9f028,0x00000000f1100000)
  from space 36352K, 0% used [0x00000000f1100000,0x00000000f1100000,0x00000000f3480000)
  to   space 61952K, 0% used [0x00000000fa600000,0x00000000fa600000,0x00000000fe280000)
 ParOldGen       total 118272K, used 54723K [0x00000000c0000000, 0x00000000c7380000, 0x00000000eab00000)
  object space 118272K, 46% used [0x00000000c0000000,0x00000000c3570de8,0x00000000c7380000)
 Metaspace       used 5405K, capacity 6768K, committed 7040K, reserved 1056768K
  class space    used 534K, capacity 616K, committed 640K, reserved 1048576K
GC Heap History (10 events):
Event: 13,743 GC heap before
{Heap before GC invocations=6 (full 1):
 PSYoungGen      total 61440K, used 61436K [0x00000000eab00000, 0x00000000eee00000, 0x0000000100000000)
  eden space 58880K, 100% used [0x00000000eab00000,0x00000000ee480000,0x00000000ee480000)
  from space 2560K, 99% used [0x00000000eeb80000,0x00000000eedff0c8,0x00000000eee00000)
  to   space 2560K, 0% used [0x00000000ee900000,0x00000000ee900000,0x00000000eeb80000)
 ParOldGen       total 79872K, used 40275K [0x00000000c0000000, 0x00000000c4e00000, 0x00000000eab00000)
  object space 79872K, 50% used [0x00000000c0000000,0x00000000c2754d08,0x00000000c4e00000)
 Metaspace       used 5358K, capacity 6704K, committed 6784K, reserved 1056768K
  class space    used 533K, capacity 616K, committed 640K, reserved 1048576K
Event: 13,817 GC heap after
Heap after GC invocations=6 (full 1):
 PSYoungGen      total 66048K, used 2528K [0x00000000eab00000, 0x00000000f5500000, 0x0000000100000000)
  eden space 63488K, 0% used [0x00000000eab00000,0x00000000eab00000,0x00000000ee900000)
  from space 2560K, 98% used [0x00000000ee900000,0x00000000eeb78010,0x00000000eeb80000)
  to   space 33280K, 0% used [0x00000000f3480000,0x00000000f3480000,0x00000000f5500000)
 ParOldGen       total 79872K, used 63352K [0x00000000c0000000, 0x00000000c4e00000, 0x00000000eab00000)
  object space 79872K, 79% used [0x00000000c0000000,0x00000000c3dde3e8,0x00000000c4e00000)
 Metaspace       used 5358K, capacity 6704K, committed 6784K, reserved 1056768K
  class space    used 533K, capacity 616K, committed 640K, reserved 1048576K
}
Event: 13,817 GC heap before
{Heap before GC invocations=7 (full 2):
 PSYoungGen      total 66048K, used 2528K [0x00000000eab00000, 0x00000000f5500000, 0x0000000100000000)
  eden space 63488K, 0% used [0x00000000eab00000,0x00000000eab00000,0x00000000ee900000)
  from space 2560K, 98% used [0x00000000ee900000,0x00000000eeb78010,0x00000000eeb80000)
  to   space 33280K, 0% used [0x00000000f3480000,0x00000000f3480000,0x00000000f5500000)
 ParOldGen       total 79872K, used 63352K [0x00000000c0000000, 0x00000000c4e00000, 0x00000000eab00000)
  object space 79872K, 79% used [0x00000000c0000000,0x00000000c3dde3e8,0x00000000c4e00000)
 Metaspace       used 5358K, capacity 6704K, committed 6784K, reserved 1056768K
  class space    used 533K, capacity 616K, committed 640K, reserved 1048576K
Event: 13,920 GC heap after
Heap after GC invocations=7 (full 2):
 PSYoungGen      total 66048K, used 0K [0x00000000eab00000, 0x00000000f5500000, 0x0000000100000000)
  eden space 63488K, 0% used [0x00000000eab00000,0x00000000eab00000,0x00000000ee900000)
  from space 2560K, 0% used [0x00000000ee900000,0x00000000ee900000,0x00000000eeb80000)
  to   space 33280K, 0% used [0x00000000f3480000,0x00000000f3480000,0x00000000f5500000)
 ParOldGen       total 74752K, used 24141K [0x00000000c0000000, 0x00000000c4900000, 0x00000000eab00000)
  object space 74752K, 32% used [0x00000000c0000000,0x00000000c17934a8,0x00000000c4900000)
 Metaspace       used 5358K, capacity 6704K, committed 6784K, reserved 1056768K
  class space    used 533K, capacity 616K, committed 640K, reserved 1048576K
}
Event: 14,085 GC heap before
{Heap before GC invocations=8 (full 2):
 PSYoungGen      total 66048K, used 63488K [0x00000000eab00000, 0x00000000f5500000, 0x0000000100000000)
  eden space 63488K, 100% used [0x00000000eab00000,0x00000000ee900000,0x00000000ee900000)
  from space 2560K, 0% used [0x00000000ee900000,0x00000000ee900000,0x00000000eeb80000)
  to   space 33280K, 0% used [0x00000000f3480000,0x00000000f3480000,0x00000000f5500000)
 ParOldGen       total 74752K, used 24141K [0x00000000c0000000, 0x00000000c4900000, 0x00000000eab00000)
  object space 74752K, 32% used [0x00000000c0000000,0x00000000c17934a8,0x00000000c4900000)
 Metaspace       used 5372K, capacity 6704K, committed 6784K, reserved 1056768K
  class space    used 534K, capacity 616K, committed 640K, reserved 1048576K
Event: 14,130 GC heap after
Heap after GC invocations=8 (full 2):
 PSYoungGen      total 137728K, used 26499K [0x00000000eab00000, 0x00000000f6680000, 0x0000000100000000)
  eden space 104448K, 0% used [0x00000000eab00000,0x00000000eab00000,0x00000000f1100000)
  from space 33280K, 79% used [0x00000000f3480000,0x00000000f4e60ef0,0x00000000f5500000)
  to   space 36352K, 0% used [0x00000000f1100000,0x00000000f1100000,0x00000000f3480000)
 ParOldGen       total 74752K, used 24141K [0x00000000c0000000, 0x00000000c4900000, 0x00000000eab00000)
  object space 74752K, 32% used [0x00000000c0000000,0x00000000c17934a8,0x00000000c4900000)
 Metaspace       used 5372K, capacity 6704K, committed 6784K, reserved 1056768K
  class space    used 534K, capacity 616K, committed 640K, reserved 1048576K
}
Event: 14,602 GC heap before
{Heap before GC invocations=9 (full 2):
 PSYoungGen      total 137728K, used 130947K [0x00000000eab00000, 0x00000000f6680000, 0x0000000100000000)
  eden space 104448K, 100% used [0x00000000eab00000,0x00000000f1100000,0x00000000f1100000)
  from space 33280K, 79% used [0x00000000f3480000,0x00000000f4e60ef0,0x00000000f5500000)
  to   space 36352K, 0% used [0x00000000f1100000,0x00000000f1100000,0x00000000f3480000)
 ParOldGen       total 74752K, used 24141K [0x00000000c0000000, 0x00000000c4900000, 0x00000000eab00000)
  object space 74752K, 32% used [0x00000000c0000000,0x00000000c17934a8,0x00000000c4900000)
 Metaspace       used 5396K, capacity 6704K, committed 6784K, reserved 1056768K
  class space    used 534K, capacity 616K, committed 640K, reserved 1048576K
Event: 14,659 GC heap after
Heap after GC invocations=9 (full 2):
 PSYoungGen      total 140800K, used 36348K [0x00000000eab00000, 0x00000000fe280000, 0x0000000100000000)
  eden space 104448K, 0% used [0x00000000eab00000,0x00000000eab00000,0x00000000f1100000)
  from space 36352K, 99% used [0x00000000f1100000,0x00000000f347f2f8,0x00000000f3480000)
  to   space 61952K, 0% used [0x00000000fa600000,0x00000000fa600000,0x00000000fe280000)
 ParOldGen       total 74752K, used 61716K [0x00000000c0000000, 0x00000000c4900000, 0x00000000eab00000)
  object space 74752K, 82% used [0x00000000c0000000,0x00000000c3c45288,0x00000000c4900000)
 Metaspace       used 5396K, capacity 6704K, committed 6784K, reserved 1056768K
  class space    used 534K, capacity 616K, committed 640K, reserved 1048576K
}
Event: 14,659 GC heap before
{Heap before GC invocations=10 (full 3):
 PSYoungGen      total 140800K, used 36348K [0x00000000eab00000, 0x00000000fe280000, 0x0000000100000000)
  eden space 104448K, 0% used [0x00000000eab00000,0x00000000eab00000,0x00000000f1100000)
  from space 36352K, 99% used [0x00000000f1100000,0x00000000f347f2f8,0x00000000f3480000)
  to   space 61952K, 0% used [0x00000000fa600000,0x00000000fa600000,0x00000000fe280000)
 ParOldGen       total 74752K, used 61716K [0x00000000c0000000, 0x00000000c4900000, 0x00000000eab00000)
  object space 74752K, 82% used [0x00000000c0000000,0x00000000c3c45288,0x00000000c4900000)
 Metaspace       used 5396K, capacity 6704K, committed 6784K, reserved 1056768K
  class space    used 534K, capacity 616K, committed 640K, reserved 1048576K
Event: 14,803 GC heap after
Heap after GC invocations=10 (full 3):
 PSYoungGen      total 140800K, used 0K [0x00000000eab00000, 0x00000000fe280000, 0x0000000100000000)
  eden space 104448K, 0% used [0x00000000eab00000,0x00000000eab00000,0x00000000f1100000)
  from space 36352K, 0% used [0x00000000f1100000,0x00000000f1100000,0x00000000f3480000)
  to   space 61952K, 0% used [0x00000000fa600000,0x00000000fa600000,0x00000000fe280000)
 ParOldGen       total 118272K, used 54723K [0x00000000c0000000, 0x00000000c7380000, 0x00000000eab00000)
  object space 118272K, 46% used [0x00000000c0000000,0x00000000c3570de8,0x00000000c7380000)
 Metaspace       used 5396K, capacity 6704K, committed 6784K, reserved 1056768K
  class space    used 534K, capacity 616K, committed 640K, reserved 1048576K
}

